<?xml version="1.0" encoding="UTF-8"?>
<!-- Generated by org.testng.reporters.JUnitXMLReporter -->
<testsuite ignored="0" hostname="Sunny" failures="0" tests="7" name="Movie Details Page Test_chrome" time="14.633" errors="0" timestamp="2026-02-25T20:49:41 IST">
  <testcase classname="tests.ui.UpcomingMoviesTest" name="fetchUpcomingMovies" time="8.325"/>
  <testcase classname="tests.ui.MovieDetailsTest" name="verifyGenres" time="0.806"/>
  <testcase classname="tests.ui.MovieDetailsTest" name="verifyMovieTitle" time="0.073"/>
  <testcase classname="tests.ui.MovieDetailsTest" name="verifyOriginalLanguage" time="0.111"/>
  <testcase classname="tests.ui.MovieDetailsTest" name="verifyOverview" time="0.062"/>
  <testcase classname="tests.ui.MovieDetailsTest" name="verifyReleaseDate" time="0.043"/>
  <testcase classname="tests.ui.UpcomingMoviesTest" name="goToMovieDetails" time="4.75"/>
</testsuite> <!-- Movie Details Page Test_chrome -->
