<?xml version="1.0" encoding="UTF-8"?>
<!-- Generated by org.testng.reporters.JUnitXMLReporter -->
<testsuite ignored="0" hostname="Sunny" failures="0" tests="11" name="Surefire test" time="38.108" errors="0" timestamp="2026-02-25T21:11:09 IST">
  <testcase classname="tests.api.UserAPITest" name="createUserTest" time="3.48"/>
  <testcase classname="tests.api.UserAPITest" name="getUserTest" time="1.568"/>
  <testcase classname="tests.api.UserAPITest" name="updateUserTest" time="1.015"/>
  <testcase classname="tests.api.UserAPITest" name="deleteUserTest" time="1.164"/>
  <testcase classname="tests.ui.MovieDetailsTest" name="verifyGenres" time="0.612"/>
  <testcase classname="tests.ui.MovieDetailsTest" name="verifyMovieTitle" time="0.111"/>
  <testcase classname="tests.ui.MovieDetailsTest" name="verifyOriginalLanguage" time="0.066"/>
  <testcase classname="tests.ui.MovieDetailsTest" name="verifyOverview" time="0.027"/>
  <testcase classname="tests.ui.MovieDetailsTest" name="verifyReleaseDate" time="0.023"/>
  <testcase classname="tests.ui.UpcomingMoviesTest" name="fetchUpcomingMovies" time="3.244"/>
  <testcase classname="tests.ui.UpcomingMoviesTest" name="goToMovieDetails" time="2.014"/>
</testsuite> <!-- Surefire test -->
