<?xml version="1.0" encoding="UTF-8"?>
<testsuite xmlns:xsi="http://www.w3.org/2001/XMLSchema-instance" xsi:noNamespaceSchemaLocation="https://maven.apache.org/surefire/maven-surefire-plugin/xsd/surefire-test-report-3.0.xsd" version="3.0" name="TestSuite" time="39.778" tests="11" errors="0" skipped="0" failures="0">
  <properties>
[...]
</properties>
  <testcase name="createUserTest" classname="tests.api.UserAPITest" time="3.53">
    <system-out><![CDATA[2026-02-25 21:10:31 INFO  config.ConfigReader - Loaded config.properties from classpath (6 keys)
Created User ID: 8385574
]]></system-out>
    <system-err><![CDATA[SLF4J: Failed to load class "org.slf4j.impl.StaticLoggerBinder".
SLF4J: Defaulting to no-operation (NOP) logger implementation
SLF4J: See http://www.slf4j.org/codes.html#StaticLoggerBinder for further details.
]]></system-err>
  </testcase>
  <testcase name="getUserTest" classname="tests.api.UserAPITest" time="1.57"/>
  <testcase name="updateUserTest" classname="tests.api.UserAPITest" time="1.017"/>
  <testcase name="deleteUserTest" classname="tests.api.UserAPITest" time="1.164"/>
  <testcase name="verifyGenres" classname="tests.ui.MovieDetailsTest" time="0.605">
    <system-out><![CDATA[2026-02-25 21:10:39 INFO  base.BaseUITest - Setting up UI test – browser=chromium, headless=false
2026-02-25 21:10:39 INFO  ui.core.PlaywrightFactory - Initialising 'chromium' browser (headless=false)
2026-02-25 21:10:43 WARN  ui.core.PlaywrightFactory - Unknown browser 'chromium' – defaulting to chromium
2026-02-25 21:10:45 INFO  ui.core.PlaywrightFactory - Browser ready – page created
2026-02-25 21:10:49 INFO  base.BaseUITest - Navigated to base URL: https://www.themoviedb.org
2026-02-25 21:10:49 INFO  tests.ui.MovieDetailsTest - Navigating to a movie detail page for MovieDetailsTest
2026-02-25 21:10:49 INFO  ui.pages.UpcomingMoviesPage - Navigating to Upcoming Movies page
2026-02-25 21:10:52 INFO  ui.pages.UpcomingMoviesPage - Upcoming movies page loaded – 17 titles visible
2026-02-25 21:10:52 INFO  ui.pages.UpcomingMoviesPage - Clicking movie [0]: 'Toxic'
2026-02-25 21:10:53 INFO  ui.pages.UpcomingMoviesPage - Navigated to details page for 'Toxic'
2026-02-25 21:10:53 INFO  ui.pages.MovieDetailsPage - MovieDetailsPage created
2026-02-25 21:10:53 INFO  tests.ui.MovieDetailsTest - Landed on detail page for: 'Toxic'
]]></system-out>
  </testcase>
  <testcase name="verifyMovieTitle" classname="tests.ui.MovieDetailsTest" time="0.119">
    <system-out><![CDATA[2026-02-25 21:10:54 INFO  ui.pages.MovieDetailsPage - Movie title on details page: 'Toxic'
2026-02-25 21:10:54 INFO  tests.ui.MovieDetailsTest - Title check – expected='Toxic', actual='Toxic'
]]></system-out>
  </testcase>
  <testcase name="verifyOriginalLanguage" classname="tests.ui.MovieDetailsTest" time="0.072">
    <system-out><![CDATA[2026-02-25 21:10:54 INFO  tests.ui.MovieDetailsTest - Original language: 'Kannada'
]]></system-out>
  </testcase>
  <testcase name="verifyOverview" classname="tests.ui.MovieDetailsTest" time="0.028"/>
  <testcase name="verifyReleaseDate" classname="tests.ui.MovieDetailsTest" time="0.023"/>
  <testcase name="fetchUpcomingMovies" classname="tests.ui.UpcomingMoviesTest" time="3.231">
    <system-out><![CDATA[2026-02-25 21:10:54 INFO  base.BaseUITest - Tearing down – trace output: disabled
2026-02-25 21:10:54 INFO  ui.core.PlaywrightFactory - Tearing down Playwright resources (trace=null)
2026-02-25 21:10:55 INFO  ui.core.PlaywrightFactory - Playwright teardown complete
2026-02-25 21:10:55 INFO  base.BaseUITest - Setting up UI test – browser=chromium, headless=false
2026-02-25 21:10:55 INFO  ui.core.PlaywrightFactory - Initialising 'chromium' browser (headless=false)
2026-02-25 21:10:55 WARN  ui.core.PlaywrightFactory - Unknown browser 'chromium' – defaulting to chromium
2026-02-25 21:10:56 INFO  ui.core.PlaywrightFactory - Browser ready – page created
2026-02-25 21:11:00 INFO  base.BaseUITest - Navigated to base URL: https://www.themoviedb.org
2026-02-25 21:11:00 INFO  tests.ui.UpcomingMoviesTest - Initialising page objects for UpcomingMoviesTest
2026-02-25 21:11:00 INFO  ui.pages.UpcomingMoviesPage - Navigating to Upcoming Movies page
2026-02-25 21:11:03 INFO  ui.pages.UpcomingMoviesPage - Upcoming movies page loaded – 17 titles visible
2026-02-25 21:11:03 INFO  ui.pages.MovieDetailsPage - MovieDetailsPage created
2026-02-25 21:11:03 INFO  tests.ui.UpcomingMoviesTest - Running fetchUpcomingMovies
2026-02-25 21:11:04 INFO  ui.pages.UpcomingMoviesPage - Fetching 17 upcoming movies
2026-02-25 21:11:07 INFO  tests.ui.UpcomingMoviesTest - 1213243 - Toxic -> Mar 19, 2026
2026-02-25 21:11:07 INFO  tests.ui.UpcomingMoviesTest - 1582770 - Dhurandhar: The Revenge -> Mar 19, 2026
2026-02-25 21:11:07 INFO  tests.ui.UpcomingMoviesTest - 1209511 - Love Insurance Kompany -> Mar 20, 2026
2026-02-25 21:11:07 INFO  tests.ui.UpcomingMoviesTest - 1576223 - RAGE -> Mar 20, 2026
2026-02-25 21:11:07 INFO  tests.ui.UpcomingMoviesTest - 1260210 - Aadu 3 -> Mar 19, 2026
2026-02-25 21:11:07 INFO  tests.ui.UpcomingMoviesTest - 1628123 - BTS THE COMEBACK LIVE | ARIRANG -> Mar 21, 2026
2026-02-25 21:11:07 INFO  tests.ui.UpcomingMoviesTest - 1029483 - Aasai -> Mar 06, 2026
2026-02-25 21:11:07 INFO  tests.ui.UpcomingMoviesTest - 1568600 - Kadhal Reset Repeat -> Mar 06, 2026
2026-02-25 21:11:07 INFO  tests.ui.UpcomingMoviesTest - 1493079 - Korpur -> Mar 19, 2026
2026-02-25 21:11:07 INFO  tests.ui.UpcomingMoviesTest - 1542352 - Youth -> Mar 19, 2026
2026-02-25 21:11:07 INFO  tests.ui.UpcomingMoviesTest - 1428294 - Mrithyunjay -> Mar 06, 2026
2026-02-25 21:11:07 INFO  tests.ui.UpcomingMoviesTest - 1593339 - Yaarra Antha Paiyan Naanthan Antha Paiyan -> Mar 06, 2026
2026-02-25 21:11:07 INFO  tests.ui.UpcomingMoviesTest - 1606490 - ANDAKAGASAM -> Mar 06, 2026
2026-02-25 21:11:07 INFO  tests.ui.UpcomingMoviesTest - 1631856 - Oh Butterfly! -> Mar 06, 2026
2026-02-25 21:11:07 INFO  tests.ui.UpcomingMoviesTest - 1524468 - Vadam -> Mar 06, 2026
2026-02-25 21:11:07 INFO  tests.ui.UpcomingMoviesTest - 1608274 - Motherhood -> Mar 06, 2026
2026-02-25 21:11:07 INFO  tests.ui.UpcomingMoviesTest - 1376592 - Nazarbandi -> Mar 06, 2026
2026-02-25 21:11:07 INFO  tests.ui.UpcomingMoviesTest - Total upcoming movies found: 17
]]></system-out>
  </testcase>
  <testcase name="goToMovieDetails" classname="tests.ui.UpcomingMoviesTest" time="2.011">
    <system-out><![CDATA[2026-02-25 21:11:07 INFO  tests.ui.UpcomingMoviesTest - Running goToMovieDetails
2026-02-25 21:11:07 INFO  ui.pages.UpcomingMoviesPage - Clicking movie [2]: 'Love Insurance Kompany'
2026-02-25 21:11:08 INFO  ui.pages.UpcomingMoviesPage - Navigated to details page for 'Love Insurance Kompany'
2026-02-25 21:11:08 INFO  ui.pages.MovieDetailsPage - MovieDetailsPage created
2026-02-25 21:11:08 INFO  ui.pages.MovieDetailsPage - Movie title on details page: 'Love Insurance Kompany'
2026-02-25 21:11:08 INFO  tests.ui.UpcomingMoviesTest - Expected title='Love Insurance Kompany', Actual title='Love Insurance Kompany'
2026-02-25 21:11:08 INFO  ui.pages.MovieDetailsPage - === Movie Details ===
2026-02-25 21:11:08 INFO  ui.pages.MovieDetailsPage - Title    : Love Insurance Kompany
2026-02-25 21:11:09 INFO  ui.pages.MovieDetailsPage - Language : Tamil
2026-02-25 21:11:09 INFO  ui.pages.MovieDetailsPage - Released : 03/20/2026 (IN)
2026-02-25 21:11:09 INFO  ui.pages.MovieDetailsPage - Genres   : [Romance, Comedy, Science Fiction]
2026-02-25 21:11:09 INFO  ui.pages.MovieDetailsPage - Overview : In a tech-chained world, a hero seeks love’s unshackled truth. Through their fight, humanity’s heart may beat free once more.
]]></system-out>
  </testcase>
</testsuite>