<?xml version="1.0" encoding="UTF-8"?>
<!-- Generated by org.testng.reporters.JUnitReportReporter -->
<testsuite hostname="Sunny" failures="0" tests="4" name="tests.api.UserAPITest" time="13.654" errors="0" timestamp="2026-02-25T20:49:42 IST" skipped="0">
  <testcase classname="tests.api.UserAPITest" name="createUserTest" time="5.102"/>
  <testcase classname="tests.api.UserAPITest" name="getUserTest" time="4.779"/>
  <testcase classname="tests.api.UserAPITest" name="updateUserTest" time="1.899"/>
  <testcase classname="tests.api.UserAPITest" name="deleteUserTest" time="1.874"/>
</testsuite> <!-- tests.api.UserAPITest -->
