<?xml version="1.0" encoding="UTF-8"?>
<!-- Generated by org.testng.reporters.JUnitReportReporter -->
<testsuite hostname="Sunny" failures="0" tests="5" name="tests.ui.MovieDetailsTest" time="1.095" errors="0" timestamp="2026-02-25T20:49:42 IST" skipped="0">
  <testcase classname="tests.ui.MovieDetailsTest" name="verifyOverview" time="0.062"/>
  <testcase classname="tests.ui.MovieDetailsTest" name="verifyGenres" time="0.806"/>
  <testcase classname="tests.ui.MovieDetailsTest" name="verifyMovieTitle" time="0.073"/>
  <testcase classname="tests.ui.MovieDetailsTest" name="verifyOriginalLanguage" time="0.111"/>
  <testcase classname="tests.ui.MovieDetailsTest" name="verifyReleaseDate" time="0.043"/>
</testsuite> <!-- tests.ui.MovieDetailsTest -->
