<?xml version="1.0" encoding="UTF-8"?>
<!-- Generated by org.testng.reporters.JUnitReportReporter -->
<testsuite hostname="Sunny" failures="0" tests="4" name="tests.api.UserAPITest" time="7.227" errors="0" timestamp="2026-02-25T21:11:09 IST" skipped="0">
  <testcase classname="tests.api.UserAPITest" name="createUserTest" time="3.480"/>
  <testcase classname="tests.api.UserAPITest" name="getUserTest" time="1.568"/>
  <testcase classname="tests.api.UserAPITest" name="updateUserTest" time="1.015"/>
  <testcase classname="tests.api.UserAPITest" name="deleteUserTest" time="1.164"/>
</testsuite> <!-- tests.api.UserAPITest -->
