<?xml version="1.0" encoding="UTF-8"?>
<!-- Generated by org.testng.reporters.JUnitReportReporter -->
<testsuite hostname="Sunny" failures="0" tests="5" name="tests.ui.MovieDetailsTest" time="0.839" errors="0" timestamp="2026-02-25T21:11:09 IST" skipped="0">
  <testcase classname="tests.ui.MovieDetailsTest" name="verifyOverview" time="0.027"/>
  <testcase classname="tests.ui.MovieDetailsTest" name="verifyMovieTitle" time="0.111"/>
  <testcase classname="tests.ui.MovieDetailsTest" name="verifyGenres" time="0.612"/>
  <testcase classname="tests.ui.MovieDetailsTest" name="verifyReleaseDate" time="0.023"/>
  <testcase classname="tests.ui.MovieDetailsTest" name="verifyOriginalLanguage" time="0.066"/>
</testsuite> <!-- tests.ui.MovieDetailsTest -->
